time="2022-10-31T12:33:56+03:00" level=info msg="create router" func="main.main()" file="app.go 24"
time="2022-10-31T12:33:56+03:00" level=info msg="read application configuration" func="rest-api-go/internal/config.GetConfig.func1()" file="config.go 34"
time="2022-10-31T12:33:56+03:00" level=info func="rest-api-go/internal/config.GetConfig.func1()" file="config.go 38"
time="2022-10-31T12:33:56+03:00" level=fatal msg="open ../../config.yml: The system cannot find the file specified." func="rest-api-go/internal/config.GetConfig.func1()" file="config.go 39"
time="2022-10-31T12:49:24+03:00" level=info msg="create router" func="main.main()" file="app.go 24"
time="2022-10-31T12:49:24+03:00" level=info msg="read application configuration" func="rest-api-go/internal/config.GetConfig.func1()" file="config.go 34"
time="2022-10-31T12:49:24+03:00" level=info func="rest-api-go/internal/config.GetConfig.func1()" file="config.go 38"
time="2022-10-31T12:49:24+03:00" level=fatal msg="open rest-api-go/config.yml: The system cannot find the path specified." func="rest-api-go/internal/config.GetConfig.func1()" file="config.go 39"
time="2022-10-31T12:50:16+03:00" level=info msg="create router" func="main.main()" file="app.go 24"
time="2022-10-31T12:50:16+03:00" level=info msg="read application configuration" func="rest-api-go/internal/config.GetConfig.func1()" file="config.go 34"
time="2022-10-31T13:03:52+03:00" level=info msg="create router" func="main.main()" file="app.go 24"
time="2022-10-31T13:03:52+03:00" level=info msg="read application configuration" func="rest-api-go/internal/config.GetConfig.func1()" file="config.go 34"
time="2022-10-31T13:03:52+03:00" level=info msg="cfgMongodb.Username: " func="main.main()" file="app.go 30"
time="2022-10-31T13:05:57+03:00" level=info msg="create router" func="main.main()" file="app.go 24"
time="2022-10-31T13:05:57+03:00" level=info msg="read application configuration" func="rest-api-go/internal/config.GetConfig.func1()" file="config.go 34"
time="2022-10-31T13:05:57+03:00" level=info msg="cfgMongodb.Username: " func="main.main()" file="app.go 30"
time="2022-10-31T13:10:53+03:00" level=info msg="create router" func="main.main()" file="app.go 24"
time="2022-10-31T13:10:53+03:00" level=info msg="read application configuration" func="rest-api-go/internal/config.GetConfig.func1()" file="config.go 34"
time="2022-10-31T13:10:53+03:00" level=info msg="cfgMongodb.Username: " func="main.main()" file="app.go 30"
time="2022-10-31T13:11:41+03:00" level=info msg="create router" func="main.main()" file="app.go 24"
time="2022-10-31T13:11:41+03:00" level=info msg="read application configuration" func="rest-api-go/internal/config.GetConfig.func1()" file="config.go 34"
time="2022-10-31T13:11:41+03:00" level=info msg="cfgMongodb.Username: " func="main.main()" file="app.go 30"
time="2022-10-31T13:18:08+03:00" level=info msg="create router" func="main.main()" file="app.go 24"
time="2022-10-31T13:18:08+03:00" level=info msg="read application configuration" func="rest-api-go/internal/config.GetConfig.func1()" file="config.go 34"
time="2022-10-31T13:18:08+03:00" level=info msg="cfgMongodb.Username: " func="main.main()" file="app.go 30"
time="2022-10-31T13:18:08+03:00" level=debug msg="create user" func="rest-api-go/internal/user/db.(*db).Create()" file="mongodb.go 28"
time="2022-10-31T13:22:23+03:00" level=info msg="create router" func="main.main()" file="app.go 24"
time="2022-10-31T13:22:23+03:00" level=info msg="read application configuration" func="rest-api-go/internal/config.GetConfig.func1()" file="config.go 34"
time="2022-10-31T13:22:23+03:00" level=info msg="cfgMongodb.Username: " func="main.main()" file="app.go 30"
time="2022-10-31T13:22:23+03:00" level=debug msg="create user" func="rest-api-go/internal/user/db.(*db).Create()" file="mongodb.go 28"
time="2022-10-31T13:22:23+03:00" level=debug msg="convert insertedID to ObjectID" func="rest-api-go/internal/user/db.(*db).Create()" file="mongodb.go 34"
time="2022-10-31T13:22:23+03:00" level=info msg=635fa1dfe6d9900b2cc40c67 func="main.main()" file="app.go 52"
time="2022-10-31T13:22:23+03:00" level=info msg="register user handler" func="main.main()" file="app.go 54"
time="2022-10-31T13:22:23+03:00" level=info msg="start aplication" func="main.start()" file="app.go 64"
time="2022-10-31T13:22:23+03:00" level=info msg="Listen tcp" func="main.start()" file="app.go 84"
time="2022-10-31T13:22:23+03:00" level=info msg="server is listening port 0.0.0.010000" func="main.start()" file="app.go 86"
time="2022-10-31T13:42:09+03:00" level=info msg="create router" func="main.main()" file="app.go 24"
time="2022-10-31T13:42:09+03:00" level=info msg="read application configuration" func="rest-api-go/internal/config.GetConfig.func1()" file="config.go 34"
time="2022-10-31T13:42:09+03:00" level=info msg="cfgMongodb.Username: " func="main.main()" file="app.go 30"
time="2022-10-31T13:42:10+03:00" level=debug msg="create user" func="rest-api-go/internal/user/db.(*db).Create()" file="mongodb.go 28"
time="2022-10-31T13:42:10+03:00" level=debug msg="convert insertedID to ObjectID" func="rest-api-go/internal/user/db.(*db).Create()" file="mongodb.go 34"
time="2022-10-31T13:42:10+03:00" level=info msg=635fa6822fb9e10254c5aab6 func="main.main()" file="app.go 52"
time="2022-10-31T13:42:10+03:00" level=debug msg="create user" func="rest-api-go/internal/user/db.(*db).Create()" file="mongodb.go 28"
time="2022-10-31T13:42:10+03:00" level=debug msg="convert insertedID to ObjectID" func="rest-api-go/internal/user/db.(*db).Create()" file="mongodb.go 34"
time="2022-10-31T13:42:10+03:00" level=info msg=635fa6822fb9e10254c5aab7 func="main.main()" file="app.go 66"
time="2022-10-31T13:42:10+03:00" level=trace msg="Matched 1 documents and Modified 1 documents" func="rest-api-go/internal/user/db.(*db).Update()" file="mongodb.go 97"
time="2022-10-31T13:42:10+03:00" level=trace msg="Deleted 1 documents" func="rest-api-go/internal/user/db.(*db).Delete()" file="mongodb.go 119"
time="2022-10-31T14:38:40+03:00" level=info msg="create router" func="main.main()" file="app.go 24"
time="2022-10-31T14:38:40+03:00" level=info msg="read application configuration" func="rest-api-go/internal/config.GetConfig.func1()" file="config.go 34"
time="2022-10-31T14:38:40+03:00" level=info msg="cfgMongodb.Username: " func="main.main()" file="app.go 30"
time="2022-10-31T14:38:40+03:00" level=info msg="register user handler" func="main.main()" file="app.go 46"
time="2022-10-31T14:38:40+03:00" level=info msg="start aplication" func="main.start()" file="app.go 56"
time="2022-10-31T14:38:40+03:00" level=info msg="Listen tcp" func="main.start()" file="app.go 76"
time="2022-10-31T14:38:40+03:00" level=info msg="server is listening port 0.0.0.010000" func="main.start()" file="app.go 78"
time="2022-10-31T20:38:27+03:00" level=info msg="create router" func="main.main()" file="app.go 24"
time="2022-10-31T20:38:27+03:00" level=info msg="read application configuration" func="rest-api-go/internal/config.GetConfig.func1()" file="config.go 34"
time="2022-10-31T20:38:27+03:00" level=info msg="cfgMongodb.Username: " func="main.main()" file="app.go 30"
time="2022-10-31T20:38:28+03:00" level=info msg="register user handler" func="main.main()" file="app.go 46"
time="2022-10-31T20:38:28+03:00" level=info msg="start aplication" func="main.start()" file="app.go 56"
time="2022-10-31T20:38:28+03:00" level=info msg="Listen tcp" func="main.start()" file="app.go 76"
time="2022-10-31T20:38:28+03:00" level=info msg="server is listening port 0.0.0.010000" func="main.start()" file="app.go 78"
time="2022-10-31T21:14:48+03:00" level=info msg="create router" func="main.main()" file="app.go 24"
time="2022-10-31T21:14:48+03:00" level=info msg="read application configuration" func="rest-api-go/internal/config.GetConfig.func1()" file="config.go 34"
time="2022-10-31T21:14:48+03:00" level=info msg="cfgMongodb.Username: " func="main.main()" file="app.go 30"
time="2022-10-31T21:14:49+03:00" level=info msg="register user handler" func="main.main()" file="app.go 46"
time="2022-10-31T21:14:49+03:00" level=info msg="start aplication" func="main.start()" file="app.go 56"
time="2022-10-31T21:14:49+03:00" level=info msg="Listen tcp" func="main.start()" file="app.go 76"
time="2022-10-31T21:14:49+03:00" level=info msg="server is listening port 0.0.0.010000" func="main.start()" file="app.go 78"
time="2022-10-31T21:22:25+03:00" level=info msg="create router" func="main.main()" file="app.go 24"
time="2022-10-31T21:22:25+03:00" level=info msg="read application configuration" func="rest-api-go/internal/config.GetConfig.func1()" file="config.go 34"
time="2022-10-31T21:22:25+03:00" level=info msg="cfgMongodb.Username: " func="main.main()" file="app.go 30"
time="2022-10-31T21:22:26+03:00" level=info msg="register user handler" func="main.main()" file="app.go 46"
time="2022-10-31T21:22:26+03:00" level=info msg="start aplication" func="main.start()" file="app.go 56"
time="2022-10-31T21:22:26+03:00" level=info msg="Listen tcp" func="main.start()" file="app.go 76"
time="2022-10-31T21:22:26+03:00" level=info msg="server is listening port 0.0.0.010000" func="main.start()" file="app.go 78"
time="2022-10-31T21:29:55+03:00" level=info msg="create router" func="main.main()" file="app.go 24"
time="2022-10-31T21:29:55+03:00" level=info msg="read application configuration" func="rest-api-go/internal/config.GetConfig.func1()" file="config.go 34"
time="2022-10-31T21:29:55+03:00" level=info msg="cfgMongodb.Username: " func="main.main()" file="app.go 30"
time="2022-10-31T21:29:55+03:00" level=info msg="register user handler" func="main.main()" file="app.go 46"
time="2022-10-31T21:29:55+03:00" level=info msg="start aplication" func="main.start()" file="app.go 56"
time="2022-10-31T21:29:55+03:00" level=info msg="Listen tcp" func="main.start()" file="app.go 76"
time="2022-10-31T21:29:55+03:00" level=info msg="server is listening port 0.0.0.010000" func="main.start()" file="app.go 78"
time="2022-10-31T21:33:44+03:00" level=info msg="create router" func="main.main()" file="app.go 24"
time="2022-10-31T21:33:44+03:00" level=info msg="read application configuration" func="rest-api-go/internal/config.GetConfig.func1()" file="config.go 34"
time="2022-10-31T21:33:44+03:00" level=info msg="cfgMongodb.Username: " func="main.main()" file="app.go 30"
time="2022-10-31T21:33:44+03:00" level=info msg="register user handler" func="main.main()" file="app.go 46"
time="2022-10-31T21:33:44+03:00" level=info msg="start aplication" func="main.start()" file="app.go 56"
time="2022-10-31T21:33:44+03:00" level=info msg="Listen tcp" func="main.start()" file="app.go 76"
time="2022-10-31T21:33:44+03:00" level=info msg="server is listening port 0.0.0.010000" func="main.start()" file="app.go 78"
time="2022-10-31T21:34:24+03:00" level=info msg="create router" func="main.main()" file="app.go 24"
time="2022-10-31T21:34:24+03:00" level=info msg="read application configuration" func="rest-api-go/internal/config.GetConfig.func1()" file="config.go 34"
time="2022-10-31T21:34:24+03:00" level=info msg="cfgMongodb.Username: " func="main.main()" file="app.go 30"
time="2022-10-31T21:34:25+03:00" level=info msg="register user handler" func="main.main()" file="app.go 46"
time="2022-10-31T21:34:25+03:00" level=info msg="start aplication" func="main.start()" file="app.go 56"
time="2022-10-31T21:34:25+03:00" level=info msg="Listen tcp" func="main.start()" file="app.go 76"
time="2022-10-31T21:34:25+03:00" level=info msg="server is listening port 0.0.0.010000" func="main.start()" file="app.go 78"
time="2022-10-31T21:39:34+03:00" level=info msg="create router" func="main.main()" file="app.go 21"
time="2022-10-31T21:39:34+03:00" level=info msg="read application configuration" func="rest-api-go/internal/config.GetConfig.func1()" file="config.go 34"
time="2022-10-31T21:39:34+03:00" level=info msg="register user handler" func="main.main()" file="app.go 43"
time="2022-10-31T21:39:34+03:00" level=info msg="start aplication" func="main.start()" file="app.go 53"
time="2022-10-31T21:39:34+03:00" level=info msg="Listen tcp" func="main.start()" file="app.go 73"
time="2022-10-31T21:39:34+03:00" level=info msg="server is listening port 0.0.0.010000" func="main.start()" file="app.go 75"
time="2022-10-31T21:55:27+03:00" level=info msg="create router" func="main.main()" file="app.go 21"
time="2022-10-31T21:55:27+03:00" level=info msg="read application configuration" func="rest-api-go/internal/config.GetConfig.func1()" file="config.go 34"
time="2022-10-31T21:55:27+03:00" level=info msg="register user handler" func="main.main()" file="app.go 43"
time="2022-10-31T21:55:27+03:00" level=info msg="start aplication" func="main.start()" file="app.go 53"
time="2022-10-31T21:55:27+03:00" level=info msg="Listen tcp" func="main.start()" file="app.go 73"
time="2022-10-31T21:55:27+03:00" level=info msg="server is listening port 0.0.0.010000" func="main.start()" file="app.go 75"
time="2022-10-31T21:56:36+03:00" level=info msg="create router" func="main.main()" file="app.go 21"
time="2022-10-31T21:56:36+03:00" level=info msg="read application configuration" func="rest-api-go/internal/config.GetConfig.func1()" file="config.go 34"
time="2022-10-31T21:56:36+03:00" level=info msg="register user handler" func="main.main()" file="app.go 43"
time="2022-10-31T21:56:36+03:00" level=info msg="start aplication" func="main.start()" file="app.go 53"
time="2022-10-31T21:56:36+03:00" level=info msg="Listen tcp" func="main.start()" file="app.go 73"
time="2022-10-31T21:56:36+03:00" level=info msg="server is listening port 0.0.0.010000" func="main.start()" file="app.go 75"
time="2022-10-31T21:57:48+03:00" level=info msg="create router" func="main.main()" file="app.go 21"
time="2022-10-31T21:57:48+03:00" level=info msg="read application configuration" func="rest-api-go/internal/config.GetConfig.func1()" file="config.go 34"
time="2022-10-31T21:57:48+03:00" level=info msg="register user handler" func="main.main()" file="app.go 43"
time="2022-10-31T21:57:48+03:00" level=info msg="start aplication" func="main.start()" file="app.go 53"
time="2022-10-31T21:57:48+03:00" level=info msg="Listen tcp" func="main.start()" file="app.go 73"
time="2022-10-31T21:57:48+03:00" level=info msg="server is listening port 0.0.0.010000" func="main.start()" file="app.go 75"
time="2022-10-31T21:59:08+03:00" level=info msg="create router" func="main.main()" file="app.go 21"
time="2022-10-31T21:59:08+03:00" level=info msg="read application configuration" func="rest-api-go/internal/config.GetConfig.func1()" file="config.go 34"
time="2022-10-31T21:59:08+03:00" level=info msg="register user handler" func="main.main()" file="app.go 43"
time="2022-10-31T21:59:08+03:00" level=info msg="start aplication" func="main.start()" file="app.go 53"
time="2022-10-31T21:59:08+03:00" level=info msg="Listen tcp" func="main.start()" file="app.go 73"
time="2022-10-31T21:59:08+03:00" level=info msg="server is listening port 0.0.0.010000" func="main.start()" file="app.go 75"
time="2022-10-31T21:59:30+03:00" level=info msg="create router" func="main.main()" file="app.go 21"
time="2022-10-31T21:59:30+03:00" level=info msg="read application configuration" func="rest-api-go/internal/config.GetConfig.func1()" file="config.go 34"
time="2022-10-31T21:59:30+03:00" level=info msg="register user handler" func="main.main()" file="app.go 43"
time="2022-10-31T21:59:30+03:00" level=info msg="start aplication" func="main.start()" file="app.go 53"
time="2022-10-31T21:59:30+03:00" level=info msg="Listen tcp" func="main.start()" file="app.go 73"
time="2022-10-31T21:59:30+03:00" level=info msg="server is listening port 0.0.0.010000" func="main.start()" file="app.go 75"
time="2022-10-31T22:01:15+03:00" level=info msg="create router" func="main.main()" file="app.go 21"
time="2022-10-31T22:01:15+03:00" level=info msg="read application configuration" func="rest-api-go/internal/config.GetConfig.func1()" file="config.go 34"
time="2022-10-31T22:01:15+03:00" level=info msg="register user handler" func="main.main()" file="app.go 43"
time="2022-10-31T22:01:15+03:00" level=info msg="start aplication" func="main.start()" file="app.go 53"
time="2022-10-31T22:01:15+03:00" level=info msg="Listen tcp" func="main.start()" file="app.go 73"
time="2022-10-31T22:01:15+03:00" level=info msg="server is listening port 0.0.0.010000" func="main.start()" file="app.go 75"
time="2022-10-31T22:06:13+03:00" level=info msg="create router" func="main.main()" file="app.go 21"
time="2022-10-31T22:06:13+03:00" level=info msg="read application configuration" func="rest-api-go/internal/config.GetConfig.func1()" file="config.go 34"
time="2022-10-31T22:06:13+03:00" level=info msg="register user handler" func="main.main()" file="app.go 43"
time="2022-10-31T22:06:13+03:00" level=info msg="start aplication" func="main.start()" file="app.go 53"
time="2022-10-31T22:06:13+03:00" level=info msg="Listen tcp" func="main.start()" file="app.go 73"
time="2022-10-31T22:06:13+03:00" level=info msg="server is listening port 0.0.0.010000" func="main.start()" file="app.go 75"
time="2022-10-31T22:07:03+03:00" level=info msg="create router" func="main.main()" file="app.go 21"
time="2022-10-31T22:07:03+03:00" level=info msg="read application configuration" func="rest-api-go/internal/config.GetConfig.func1()" file="config.go 34"
time="2022-10-31T22:07:03+03:00" level=info msg="register user handler" func="main.main()" file="app.go 43"
time="2022-10-31T22:07:03+03:00" level=info msg="start aplication" func="main.start()" file="app.go 53"
time="2022-10-31T22:07:03+03:00" level=info msg="Listen tcp" func="main.start()" file="app.go 73"
time="2022-10-31T22:07:03+03:00" level=info msg="server is listening port 0.0.0.010000" func="main.start()" file="app.go 75"
time="2022-10-31T22:13:54+03:00" level=info msg="create router" func="main.main()" file="app.go 21"
time="2022-10-31T22:13:54+03:00" level=info msg="read application configuration" func="rest-api-go/internal/config.GetConfig.func1()" file="config.go 34"
time="2022-10-31T22:13:54+03:00" level=info msg="register user handler" func="main.main()" file="app.go 43"
time="2022-10-31T22:13:54+03:00" level=info msg="start aplication" func="main.start()" file="app.go 53"
time="2022-10-31T22:13:54+03:00" level=info msg="Listen tcp" func="main.start()" file="app.go 73"
time="2022-10-31T22:13:54+03:00" level=info msg="server is listening port 0.0.0.010000" func="main.start()" file="app.go 75"
time="2022-11-11T12:20:32+03:00" level=info msg="create router" func="main.main()" file="app.go 26"
time="2022-11-11T12:20:32+03:00" level=info msg="read application configuration" func="rest-api-go/internal/config.GetConfig.func1()" file="config.go 44"
time="2022-11-11T12:20:47+03:00" level=fatal msg="%vpostgressql - NewClient - utilsDoWithTries. error: postgressql - NewClient - pgxpool.Connect. error: cannot parse `postgresslq://:xxxxxx@localhost:5432/go-rest-api`: failed to parse as DSN (invalid dsn)" func="main.main()" file="app.go 33"
time="2022-11-11T12:22:16+03:00" level=info msg="create router" func="main.main()" file="app.go 26"
time="2022-11-11T12:22:16+03:00" level=info msg="read application configuration" func="rest-api-go/internal/config.GetConfig.func1()" file="config.go 44"
time="2022-11-11T12:22:31+03:00" level=fatal msg="%vpostgressql - NewClient - utilsDoWithTries. error: postgressql - NewClient - pgxpool.Connect. error: cannot parse `postgresslq://postgres:xxxxxx@localhost:5432/go-rest-api`: failed to parse as DSN (invalid dsn)" func="main.main()" file="app.go 33"
time="2022-11-11T12:24:23+03:00" level=info msg="create router" func="main.main()" file="app.go 26"
time="2022-11-11T12:24:23+03:00" level=info msg="read application configuration" func="rest-api-go/internal/config.GetConfig.func1()" file="config.go 44"
time="2022-11-11T12:24:38+03:00" level=fatal msg="%vpostgressql - NewClient - utilsDoWithTries. error: postgressql - NewClient - pgxpool.Connect. error: cannot parse `postgreslq://postgres:xxxxxx@localhost:5432/go-rest-api`: failed to parse as DSN (invalid dsn)" func="main.main()" file="app.go 33"
time="2022-11-11T12:25:40+03:00" level=info msg="create router" func="main.main()" file="app.go 26"
time="2022-11-11T12:25:40+03:00" level=info msg="read application configuration" func="rest-api-go/internal/config.GetConfig.func1()" file="config.go 44"
time="2022-11-11T12:25:55+03:00" level=fatal msg="%vpostgressql - NewClient - utilsDoWithTries. error: postgressql - NewClient - pgxpool.Connect. error: cannot parse `postgreslq://:xxxxxx@localhost:5432/go-rest-api`: failed to parse as DSN (invalid dsn)" func="main.main()" file="app.go 33"
time="2022-11-11T12:26:24+03:00" level=info msg="create router" func="main.main()" file="app.go 26"
time="2022-11-11T12:26:24+03:00" level=info msg="read application configuration" func="rest-api-go/internal/config.GetConfig.func1()" file="config.go 44"
time="2022-11-11T12:26:39+03:00" level=fatal msg="%vpostgressql - NewClient - utilsDoWithTries. error: postgressql - NewClient - pgxpool.Connect. error: cannot parse `postgreslq://postgre:xxxxxx@localhost:5432/go-rest-api`: failed to parse as DSN (invalid dsn)" func="main.main()" file="app.go 33"
time="2022-11-11T12:29:49+03:00" level=info msg="create router" func="main.main()" file="app.go 26"
time="2022-11-11T12:29:49+03:00" level=info msg="read application configuration" func="rest-api-go/internal/config.GetConfig.func1()" file="config.go 44"
time="2022-11-11T12:30:04+03:00" level=fatal msg="%vpostgressql - NewClient - utilsDoWithTries. error: postgressql - NewClient - pgxpool.Connect. error: cannot parse `postgreslq://postgre:xxxxxx@localhost:5432/go-rest-api`: failed to parse as DSN (invalid dsn)" func="main.main()" file="app.go 33"
time="2022-11-11T12:46:48+03:00" level=info msg="create router" func="main.main()" file="app.go 26"
time="2022-11-11T12:46:48+03:00" level=info msg="read application configuration" func="rest-api-go/internal/config.GetConfig.func1()" file="config.go 44"
time="2022-11-11T12:47:03+03:00" level=fatal msg="%vpostgressql - NewClient - utilsDoWithTries. error: postgressql - NewClient - pgxpool.Connect. error: failed to connect to `host=localhost user=postgre database=go-rest-api`: failed SASL auth (\xc2\xc0\xc6\xcd\xce: \xef\xee\xeb\xfc\xe7\xee\xe2\xe0\xf2\xe5\xeb\xfc \"postgre\" \xed\xe5 \xef\xf0\xee\xf8\xb8\xeb \xef\xf0\xee\xe2\xe5\xf0\xea\xf3 \xef\xee\xe4\xeb\xe8\xed\xed\xee\xf1\xf2\xe8 (\xef\xee \xef\xe0\xf0\xee\xeb\xfe) (SQLSTATE 28P01))" func="main.main()" file="app.go 33"
time="2022-11-11T12:49:07+03:00" level=info msg="create router" func="main.main()" file="app.go 26"
time="2022-11-11T12:49:07+03:00" level=info msg="read application configuration" func="rest-api-go/internal/config.GetConfig.func1()" file="config.go 44"
time="2022-11-11T12:49:22+03:00" level=fatal msg="%vpostgressql - NewClient - utilsDoWithTries. error: postgressql - NewClient - pgxpool.Connect. error: failed to connect to `host=localhost user= database=go-rest-api`: server error (\xc2\xc0\xc6\xcd\xce: \xe2 \xf1\xf2\xe0\xf0\xf2\xee\xe2\xee\xec \xef\xe0\xea\xe5\xf2\xe5 \xed\xe5 \xf3\xea\xe0\xe7\xe0\xed\xee \xe8\xec\xff \xef\xee\xeb\xfc\xe7\xee\xe2\xe0\xf2\xe5\xeb\xff PostgreSQL (SQLSTATE 28000))" func="main.main()" file="app.go 33"
